<?xml version="1.0" encoding="UTF-8"?>
<testsuite xmlns:xsi="http://www.w3.org/2001/XMLSchema-instance" xsi:noNamespaceSchemaLocation="https://maven.apache.org/surefire/maven-surefire-plugin/xsd/surefire-test-report.xsd" version="3.0.2" name="com.trade.auth.TradeAuthServiceApplicationTests" time="2.215" tests="1" errors="0" skipped="0" failures="0">
  <properties>
[...]
</properties>
  <testcase name="contextLoads" classname="com.trade.auth.TradeAuthServiceApplicationTests" time="0.399">
    <system-out><![CDATA[16:59:54.424 [main] INFO org.springframework.test.context.support.AnnotationConfigContextLoaderUtils -- Could not detect default configuration classes for test class [com.trade.auth.TradeAuthServiceApplicationTests]: TradeAuthServiceApplicationTests does not declare any static, non-private, non-final, nested classes annotated with @Configuration.
16:59:54.485 [main] INFO org.springframework.boot.test.context.SpringBootTestContextBootstrapper -- Found @SpringBootConfiguration com.trade.auth.TradeAuthServiceApplication for test class com.trade.auth.TradeAuthServiceApplicationTests
16:59:54.699 [main] INFO org.springframework.boot.devtools.restart.RestartApplicationListener -- Restart disabled due to context in which it is running

  .   ____          _            __ _ _
 /\\ / ___'_ __ _ _(_)_ __  __ _ \ \ \ \
( ( )\___ | '_ | '_| | '_ \/ _` | \ \ \ \
 \\/  ___)| |_)| | | | | || (_| |  ) ) ) )
  '  |____| .__|_| |_|_| |_\__, | / / / /
 =========|_|==============|___/=/_/_/_/

 :: Spring Boot ::                (v4.0.1)

2026-07-03T16:59:54.883+05:30  INFO 87563 --- [trade-auth-service] [           main] c.t.a.TradeAuthServiceApplicationTests   : Starting TradeAuthServiceApplicationTests using Java 26.0.1 with PID 87563 (started by amreshverma in /Users/amreshverma/git/trade/trade-auth-service)
2026-07-03T16:59:54.884+05:30  INFO 87563 --- [trade-auth-service] [           main] c.t.a.TradeAuthServiceApplicationTests   : No active profile set, falling back to 1 default profile: "default"
2026-07-03T16:59:55.401+05:30  INFO 87563 --- [trade-auth-service] [           main] o.s.cloud.context.scope.GenericScope     : BeanFactory id=c8953ef8-6dfc-35d9-8596-0ab037efe4bc
2026-07-03T16:59:55.691+05:30  WARN 87563 --- [trade-auth-service] [           main] .s.a.UserDetailsServiceAutoConfiguration : 

Using generated security password: eb5809b0-78d4-4f0d-a08d-282fc2c6da05

This generated password is for development use only. Your security configuration must be updated before running your application in production.

2026-07-03T16:59:55.695+05:30  INFO 87563 --- [trade-auth-service] [           main] r$InitializeUserDetailsManagerConfigurer : Global AuthenticationManager configured with UserDetailsService bean with name inMemoryUserDetailsManager
2026-07-03T16:59:56.035+05:30  INFO 87563 --- [trade-auth-service] [           main] o.s.b.a.e.web.EndpointLinksResolver      : Exposing 1 endpoint beneath base path '/actuator'
2026-07-03T16:59:56.063+05:30  INFO 87563 --- [trade-auth-service] [           main] c.t.a.TradeAuthServiceApplicationTests   : Started TradeAuthServiceApplicationTests in 1.37 seconds (process running for 2.179)
]]></system-out>
    <system-err><![CDATA[SLF4J(W): Class path contains multiple SLF4J providers.
SLF4J(W): Found provider [ch.qos.logback.classic.spi.LogbackServiceProvider@3668d4]
SLF4J(W): Found provider [org.slf4j.impl.JBossSlf4jServiceProvider@1c3b9394]
SLF4J(W): See https://www.slf4j.org/codes.html#multiple_bindings for an explanation.
SLF4J(I): Actual provider is of type [ch.qos.logback.classic.spi.LogbackServiceProvider@3668d4]
Mockito is currently self-attaching to enable the inline-mock-maker. This will no longer work in future releases of the JDK. Please add Mockito as an agent to your build as described in Mockito's documentation: https://javadoc.io/doc/org.mockito/mockito-core/latest/org.mockito/org/mockito/Mockito.html#0.3
WARNING: A Java agent has been loaded dynamically (/Users/amreshverma/.m2/repository/net/bytebuddy/byte-buddy-agent/1.17.8/byte-buddy-agent-1.17.8.jar)
WARNING: If a serviceability tool is in use, please run with -XX:+EnableDynamicAgentLoading to hide this warning
WARNING: If a serviceability tool is not in use, please run with -Djdk.instrument.traceUsage for more information
WARNING: Dynamic loading of agents will be disallowed by default in a future release
]]></system-err>
  </testcase>
</testsuite>